0 info it worked if it ends with ok
1 verbose cli [ '/usr/bin/nodejs', '/usr/bin/npm', 'install', 'jonny-five' ]
2 info using npm@2.15.11
3 info using node@v4.8.4
4 verbose config Skipping project config: /home/christian/.npmrc. (matches userconfig)
5 verbose install initial load of /home/christian/package.json
6 warn package.json christian@1.0.0 No description
7 warn package.json christian@1.0.0 No repository field.
8 warn package.json christian@1.0.0 No README data
9 verbose installManyTop reading scoped package data from /home/christian/node_modules/chai/package.json
10 verbose installManyTop reading scoped package data from /home/christian/node_modules/chalk/package.json
11 verbose installManyTop reading scoped package data from /home/christian/node_modules/mocha/package.json
12 verbose installManyTop reading scoped package data from /home/christian/node_modules/nodemon/package.json
13 verbose readDependencies loading dependencies from /home/christian/package.json
14 silly cache add args [ 'jonny-five', null ]
15 verbose cache add spec jonny-five
16 silly cache add parsed spec Result {
16 silly cache add   raw: 'jonny-five',
16 silly cache add   scope: null,
16 silly cache add   name: 'jonny-five',
16 silly cache add   rawSpec: '',
16 silly cache add   spec: 'latest',
16 silly cache add   type: 'tag' }
17 silly addNamed jonny-five@latest
18 verbose addNamed "latest" is being treated as a dist-tag for jonny-five
19 info addNameTag [ 'jonny-five', 'latest' ]
20 silly mapToRegistry name jonny-five
21 silly mapToRegistry using default registry
22 silly mapToRegistry registry https://registry.npmjs.org/
23 silly mapToRegistry data Result {
23 silly mapToRegistry   raw: 'jonny-five',
23 silly mapToRegistry   scope: null,
23 silly mapToRegistry   name: 'jonny-five',
23 silly mapToRegistry   rawSpec: '',
23 silly mapToRegistry   spec: 'latest',
23 silly mapToRegistry   type: 'tag' }
24 silly mapToRegistry uri https://registry.npmjs.org/jonny-five
25 verbose addNameTag registry:https://registry.npmjs.org/jonny-five not in flight; fetching
26 verbose request uri https://registry.npmjs.org/jonny-five
27 verbose request no auth needed
28 info attempt registry request try #1 at 11:36:35 PM
29 verbose request id 4495f607744d8c87
30 http request GET https://registry.npmjs.org/jonny-five
31 http 404 https://registry.npmjs.org/jonny-five
32 verbose headers { 'content-type': 'application/json',
32 verbose headers   'cache-control': 'max-age=0',
32 verbose headers   'content-length': '2',
32 verbose headers   'accept-ranges': 'bytes',
32 verbose headers   date: 'Sat, 11 Nov 2017 21:36:40 GMT',
32 verbose headers   via: '1.1 varnish',
32 verbose headers   age: '0',
32 verbose headers   connection: 'keep-alive',
32 verbose headers   'x-served-by': 'cache-jnb7523-JNB',
32 verbose headers   'x-cache': 'MISS',
32 verbose headers   'x-cache-hits': '0',
32 verbose headers   'x-timer': 'S1510436199.127546,VS0,VE1482',
32 verbose headers   vary: 'Accept-Encoding' }
33 silly get cb [ 404,
33 silly get   { 'content-type': 'application/json',
33 silly get     'cache-control': 'max-age=0',
33 silly get     'content-length': '2',
33 silly get     'accept-ranges': 'bytes',
33 silly get     date: 'Sat, 11 Nov 2017 21:36:40 GMT',
33 silly get     via: '1.1 varnish',
33 silly get     age: '0',
33 silly get     connection: 'keep-alive',
33 silly get     'x-served-by': 'cache-jnb7523-JNB',
33 silly get     'x-cache': 'MISS',
33 silly get     'x-cache-hits': '0',
33 silly get     'x-timer': 'S1510436199.127546,VS0,VE1482',
33 silly get     vary: 'Accept-Encoding' } ]
34 verbose stack Error: Registry returned 404 for GET on https://registry.npmjs.org/jonny-five
34 verbose stack     at makeError (/usr/lib/node_modules/npm/node_modules/npm-registry-client/lib/request.js:302:12)
34 verbose stack     at CachingRegistryClient.<anonymous> (/usr/lib/node_modules/npm/node_modules/npm-registry-client/lib/request.js:280:14)
34 verbose stack     at Request._callback (/usr/lib/node_modules/npm/node_modules/npm-registry-client/lib/request.js:210:14)
34 verbose stack     at Request.self.callback (/usr/lib/node_modules/npm/node_modules/request/request.js:187:22)
34 verbose stack     at emitTwo (events.js:87:13)
34 verbose stack     at Request.emit (events.js:172:7)
34 verbose stack     at Request.<anonymous> (/usr/lib/node_modules/npm/node_modules/request/request.js:1044:10)
34 verbose stack     at emitOne (events.js:77:13)
34 verbose stack     at Request.emit (events.js:169:7)
34 verbose stack     at IncomingMessage.<anonymous> (/usr/lib/node_modules/npm/node_modules/request/request.js:965:12)
35 verbose statusCode 404
36 verbose pkgid jonny-five
37 verbose cwd /home/christian/projects/ferryKata
38 error Linux 3.19.0-69-generic
39 error argv "/usr/bin/nodejs" "/usr/bin/npm" "install" "jonny-five"
40 error node v4.8.4
41 error npm  v2.15.11
42 error code E404
43 error 404 Registry returned 404 for GET on https://registry.npmjs.org/jonny-five
43 error 404
43 error 404 'jonny-five' is not in the npm registry.
43 error 404 You should bug the author to publish it (or use the name yourself!)
43 error 404 It was specified as a dependency of 'christian'
43 error 404
43 error 404 Note that you can also install from a
43 error 404 tarball, folder, http url, or git url.
44 verbose exit [ 1, true ]
